<?xml version="1.0" encoding="UTF-8"?>
<!-- Generated by org.testng.reporters.JUnitXMLReporter -->
<testsuite hostname="gonens-MacBook-2.local" ignored="0" name="Default test" tests="3" failures="0" timestamp="2020-08-01T03:38:02 EDT" time="10.628" errors="0">
  <testcase name="clickTodayTest" time="3.87" classname="com.qa.darksky.tests.TodayPageTest"/>
  <testcase name="verifyLowTempTest" time="0.082" classname="com.qa.darksky.tests.TodayPageTest"/>
  <testcase name="verifyHighTempTest" time="0.067" classname="com.qa.darksky.tests.TodayPageTest"/>
</testsuite> <!-- Default test -->
