<?xml version="1.0" encoding="UTF-8"?>
<testng-results skipped="0" failed="0" ignored="0" total="3" passed="3">
  <reporter-output>
  </reporter-output>
  <suite name="Default suite" duration-ms="10628" started-at="2020-08-01T03:37:52 EDT" finished-at="2020-08-01T03:38:02 EDT">
    <groups>
    </groups>
    <test name="Default test" duration-ms="10628" started-at="2020-08-01T03:37:52 EDT" finished-at="2020-08-01T03:38:02 EDT">
      <class name="com.qa.darksky.tests.TodayPageTest">
        <test-method status="PASS" signature="setUp()[pri:0, instance:com.qa.darksky.tests.TodayPageTest@614ddd49]" name="setUp" is-config="true" duration-ms="6297" started-at="2020-08-01T03:37:52 EDT" finished-at="2020-08-01T03:37:58 EDT">
          <reporter-output>
          </reporter-output>
        </test-method> <!-- setUp -->
        <test-method status="PASS" signature="clickTodayTest()[pri:1, instance:com.qa.darksky.tests.TodayPageTest@614ddd49]" name="clickTodayTest" duration-ms="3870" started-at="2020-08-01T03:37:58 EDT" finished-at="2020-08-01T03:38:02 EDT">
          <reporter-output>
          </reporter-output>
        </test-method> <!-- clickTodayTest -->
        <test-method status="PASS" signature="verifyLowTempTest()[pri:2, instance:com.qa.darksky.tests.TodayPageTest@614ddd49]" name="verifyLowTempTest" duration-ms="82" started-at="2020-08-01T03:38:02 EDT" finished-at="2020-08-01T03:38:02 EDT">
          <reporter-output>
          </reporter-output>
        </test-method> <!-- verifyLowTempTest -->
        <test-method status="PASS" signature="verifyHighTempTest()[pri:23, instance:com.qa.darksky.tests.TodayPageTest@614ddd49]" name="verifyHighTempTest" duration-ms="67" started-at="2020-08-01T03:38:02 EDT" finished-at="2020-08-01T03:38:02 EDT">
          <reporter-output>
          </reporter-output>
        </test-method> <!-- verifyHighTempTest -->
        <test-method status="PASS" signature="tearDown()[pri:0, instance:com.qa.darksky.tests.TodayPageTest@614ddd49]" name="tearDown" is-config="true" duration-ms="239" started-at="2020-08-01T03:38:02 EDT" finished-at="2020-08-01T03:38:02 EDT">
          <reporter-output>
          </reporter-output>
        </test-method> <!-- tearDown -->
      </class> <!-- com.qa.darksky.tests.TodayPageTest -->
    </test> <!-- Default test -->
  </suite> <!-- Default suite -->
</testng-results>
